2018-12-25 12:00:15.904 [main] INFO  o.s.b.t.c.SpringBootTestContextBootstrapper - Neither @ContextConfiguration nor @ContextHierarchy found for test class [com.example.elasticbeatsfilebeat.logback.ApplicationTest], using SpringBootContextLoader
2018-12-25 12:00:15.910 [main] INFO  o.s.t.c.s.AbstractContextLoader - Could not detect default resource locations for test class [com.example.elasticbeatsfilebeat.logback.ApplicationTest]: no resource found for suffixes {-context.xml, Context.groovy}.
2018-12-25 12:00:15.911 [main] INFO  o.s.t.c.s.AnnotationConfigContextLoaderUtils - Could not detect default configuration classes for test class [com.example.elasticbeatsfilebeat.logback.ApplicationTest]: ApplicationTest does not declare any static, non-private, non-final, nested classes annotated with @Configuration.
2018-12-25 12:00:16.056 [main] INFO  o.s.b.t.c.SpringBootTestContextBootstrapper - Found @SpringBootConfiguration com.example.elasticbeatsfilebeat.ElasticBeatsFilebeatApplication for test class com.example.elasticbeatsfilebeat.logback.ApplicationTest
2018-12-25 12:00:16.312 [main] INFO  o.s.b.t.c.SpringBootTestContextBootstrapper - Loaded default TestExecutionListener class names from location [META-INF/spring.factories]: [org.springframework.boot.test.autoconfigure.restdocs.RestDocsTestExecutionListener, org.springframework.boot.test.autoconfigure.web.client.MockRestServiceServerResetTestExecutionListener, org.springframework.boot.test.autoconfigure.web.servlet.MockMvcPrintOnlyOnFailureTestExecutionListener, org.springframework.boot.test.autoconfigure.web.servlet.WebDriverTestExecutionListener, org.springframework.boot.test.mock.mockito.MockitoTestExecutionListener, org.springframework.boot.test.mock.mockito.ResetMocksTestExecutionListener, org.springframework.test.context.web.ServletTestExecutionListener, org.springframework.test.context.support.DirtiesContextBeforeModesTestExecutionListener, org.springframework.test.context.support.DependencyInjectionTestExecutionListener, org.springframework.test.context.support.DirtiesContextTestExecutionListener, org.springframework.test.context.transaction.TransactionalTestExecutionListener, org.springframework.test.context.jdbc.SqlScriptsTestExecutionListener]
2018-12-25 12:00:16.372 [main] INFO  o.s.b.t.c.SpringBootTestContextBootstrapper - Using TestExecutionListeners: [org.springframework.test.context.web.ServletTestExecutionListener@57d7f8ca, org.springframework.test.context.support.DirtiesContextBeforeModesTestExecutionListener@76c3e77a, org.springframework.boot.test.mock.mockito.MockitoTestExecutionListener@78123e82, org.springframework.boot.test.autoconfigure.SpringBootDependencyInjectionTestExecutionListener@67c33749, org.springframework.test.context.support.DirtiesContextTestExecutionListener@fba92d3, org.springframework.test.context.transaction.TransactionalTestExecutionListener@662b4c69, org.springframework.test.context.jdbc.SqlScriptsTestExecutionListener@fa49800, org.springframework.boot.test.autoconfigure.restdocs.RestDocsTestExecutionListener@71238fc2, org.springframework.boot.test.autoconfigure.web.client.MockRestServiceServerResetTestExecutionListener@2a54a73f, org.springframework.boot.test.autoconfigure.web.servlet.MockMvcPrintOnlyOnFailureTestExecutionListener@16a0ee18, org.springframework.boot.test.autoconfigure.web.servlet.WebDriverTestExecutionListener@3d6f0054, org.springframework.boot.test.mock.mockito.ResetMocksTestExecutionListener@505fc5a4]
2018-12-25 12:00:17.181 [main] INFO  c.e.e.logback.ApplicationTest - Starting ApplicationTest on DESKTOP-8L3GUVD with PID 11792 (started by 13813 in F:\IdeaProjects\elastic-beats-filebeat)
2018-12-25 12:00:17.181 [main] INFO  c.e.e.logback.ApplicationTest - The following profiles are active: test
2018-12-25 12:00:18.437 [main] INFO  o.s.d.r.c.RepositoryConfigurationDelegate - Bootstrapping Spring Data repositories in DEFAULT mode.
2018-12-25 12:00:18.454 [main] INFO  o.s.d.r.c.RepositoryConfigurationDelegate - Finished Spring Data repository scanning in 12ms. Found 0 repository interfaces.
2018-12-25 12:00:19.560 [main] INFO  o.s.s.c.ThreadPoolTaskExecutor - Initializing ExecutorService 'applicationTaskExecutor'
2018-12-25 12:00:20.714 [main] INFO  o.s.b.a.e.w.EndpointLinksResolver - Exposing 2 endpoint(s) beneath base path '/actuator'
2018-12-25 12:00:20.770 [main] INFO  c.e.e.logback.ApplicationTest - Started ApplicationTest in 4.313 seconds (JVM running for 5.633)
2018-12-25 12:00:20.926 [main] INFO  c.e.e.logback.ApplicationTest - Current Time: 1545710420926
2018-12-25 12:00:20.926 [main] INFO  c.e.e.logback.ApplicationTest - Current Time: 1545710420926
2018-12-25 12:00:20.926 [main] INFO  c.e.e.logback.ApplicationTest - Current Time: 1545710420926
2018-12-25 12:00:20.926 [main] WARN  c.e.e.logback.ApplicationTest - warn log
2018-12-25 12:00:20.926 [main] INFO  c.e.e.logback.ApplicationTest - info log
2018-12-25 12:00:20.926 [main] ERROR c.e.e.logback.ApplicationTest - error log
2018-12-25 12:00:20.936 [Thread-5] INFO  o.s.s.c.ThreadPoolTaskExecutor - Shutting down ExecutorService 'applicationTaskExecutor'
2018-12-25 12:01:18.299 [main] INFO  o.s.b.t.c.SpringBootTestContextBootstrapper - Neither @ContextConfiguration nor @ContextHierarchy found for test class [com.example.elasticbeatsfilebeat.logback.ApplicationTest], using SpringBootContextLoader
2018-12-25 12:01:18.304 [main] INFO  o.s.t.c.s.AbstractContextLoader - Could not detect default resource locations for test class [com.example.elasticbeatsfilebeat.logback.ApplicationTest]: no resource found for suffixes {-context.xml, Context.groovy}.
2018-12-25 12:01:18.305 [main] INFO  o.s.t.c.s.AnnotationConfigContextLoaderUtils - Could not detect default configuration classes for test class [com.example.elasticbeatsfilebeat.logback.ApplicationTest]: ApplicationTest does not declare any static, non-private, non-final, nested classes annotated with @Configuration.
2018-12-25 12:01:18.528 [main] INFO  o.s.b.t.c.SpringBootTestContextBootstrapper - Found @SpringBootConfiguration com.example.elasticbeatsfilebeat.ElasticBeatsFilebeatApplication for test class com.example.elasticbeatsfilebeat.logback.ApplicationTest
2018-12-25 12:01:18.928 [main] INFO  o.s.b.t.c.SpringBootTestContextBootstrapper - Loaded default TestExecutionListener class names from location [META-INF/spring.factories]: [org.springframework.boot.test.autoconfigure.restdocs.RestDocsTestExecutionListener, org.springframework.boot.test.autoconfigure.web.client.MockRestServiceServerResetTestExecutionListener, org.springframework.boot.test.autoconfigure.web.servlet.MockMvcPrintOnlyOnFailureTestExecutionListener, org.springframework.boot.test.autoconfigure.web.servlet.WebDriverTestExecutionListener, org.springframework.boot.test.mock.mockito.MockitoTestExecutionListener, org.springframework.boot.test.mock.mockito.ResetMocksTestExecutionListener, org.springframework.test.context.web.ServletTestExecutionListener, org.springframework.test.context.support.DirtiesContextBeforeModesTestExecutionListener, org.springframework.test.context.support.DependencyInjectionTestExecutionListener, org.springframework.test.context.support.DirtiesContextTestExecutionListener, org.springframework.test.context.transaction.TransactionalTestExecutionListener, org.springframework.test.context.jdbc.SqlScriptsTestExecutionListener]
2018-12-25 12:01:18.953 [main] INFO  o.s.b.t.c.SpringBootTestContextBootstrapper - Using TestExecutionListeners: [org.springframework.test.context.web.ServletTestExecutionListener@57d7f8ca, org.springframework.test.context.support.DirtiesContextBeforeModesTestExecutionListener@76c3e77a, org.springframework.boot.test.mock.mockito.MockitoTestExecutionListener@78123e82, org.springframework.boot.test.autoconfigure.SpringBootDependencyInjectionTestExecutionListener@67c33749, org.springframework.test.context.support.DirtiesContextTestExecutionListener@fba92d3, org.springframework.test.context.transaction.TransactionalTestExecutionListener@662b4c69, org.springframework.test.context.jdbc.SqlScriptsTestExecutionListener@fa49800, org.springframework.boot.test.autoconfigure.restdocs.RestDocsTestExecutionListener@71238fc2, org.springframework.boot.test.autoconfigure.web.client.MockRestServiceServerResetTestExecutionListener@2a54a73f, org.springframework.boot.test.autoconfigure.web.servlet.MockMvcPrintOnlyOnFailureTestExecutionListener@16a0ee18, org.springframework.boot.test.autoconfigure.web.servlet.WebDriverTestExecutionListener@3d6f0054, org.springframework.boot.test.mock.mockito.ResetMocksTestExecutionListener@505fc5a4]
2018-12-25 12:01:19.610 [main] INFO  c.e.e.logback.ApplicationTest - Starting ApplicationTest on DESKTOP-8L3GUVD with PID 15356 (started by 13813 in F:\IdeaProjects\elastic-beats-filebeat)
2018-12-25 12:01:19.621 [main] INFO  c.e.e.logback.ApplicationTest - The following profiles are active: test
2018-12-25 12:01:20.741 [main] INFO  o.s.d.r.c.RepositoryConfigurationDelegate - Bootstrapping Spring Data repositories in DEFAULT mode.
2018-12-25 12:01:20.760 [main] INFO  o.s.d.r.c.RepositoryConfigurationDelegate - Finished Spring Data repository scanning in 14ms. Found 0 repository interfaces.
2018-12-25 12:01:21.834 [main] INFO  o.s.s.c.ThreadPoolTaskExecutor - Initializing ExecutorService 'applicationTaskExecutor'
2018-12-25 12:01:23.000 [main] INFO  o.s.b.a.e.w.EndpointLinksResolver - Exposing 2 endpoint(s) beneath base path '/actuator'
2018-12-25 12:01:23.062 [main] INFO  c.e.e.logback.ApplicationTest - Started ApplicationTest in 4.033 seconds (JVM running for 5.557)
2018-12-25 12:01:23.214 [main] INFO  c.e.e.logback.ApplicationTest - Current Time: 1545710483214
2018-12-25 12:01:23.214 [main] INFO  c.e.e.logback.ApplicationTest - Current Time: 1545710483214
2018-12-25 12:01:23.214 [main] INFO  c.e.e.logback.ApplicationTest - Current Time: 1545710483214
2018-12-25 12:01:23.214 [main] WARN  c.e.e.logback.ApplicationTest - warn log
2018-12-25 12:01:23.214 [main] INFO  c.e.e.logback.ApplicationTest - info log
2018-12-25 12:01:23.214 [main] ERROR c.e.e.logback.ApplicationTest - error log
2018-12-25 12:01:23.225 [Thread-5] INFO  o.s.s.c.ThreadPoolTaskExecutor - Shutting down ExecutorService 'applicationTaskExecutor'
2018-12-25 12:02:08.743 [main] INFO  o.s.b.t.c.SpringBootTestContextBootstrapper - Neither @ContextConfiguration nor @ContextHierarchy found for test class [com.example.elasticbeatsfilebeat.logback.ApplicationTest], using SpringBootContextLoader
2018-12-25 12:02:08.749 [main] INFO  o.s.t.c.s.AbstractContextLoader - Could not detect default resource locations for test class [com.example.elasticbeatsfilebeat.logback.ApplicationTest]: no resource found for suffixes {-context.xml, Context.groovy}.
2018-12-25 12:02:08.750 [main] INFO  o.s.t.c.s.AnnotationConfigContextLoaderUtils - Could not detect default configuration classes for test class [com.example.elasticbeatsfilebeat.logback.ApplicationTest]: ApplicationTest does not declare any static, non-private, non-final, nested classes annotated with @Configuration.
2018-12-25 12:02:08.908 [main] INFO  o.s.b.t.c.SpringBootTestContextBootstrapper - Found @SpringBootConfiguration com.example.elasticbeatsfilebeat.ElasticBeatsFilebeatApplication for test class com.example.elasticbeatsfilebeat.logback.ApplicationTest
2018-12-25 12:02:09.160 [main] INFO  o.s.b.t.c.SpringBootTestContextBootstrapper - Loaded default TestExecutionListener class names from location [META-INF/spring.factories]: [org.springframework.boot.test.autoconfigure.restdocs.RestDocsTestExecutionListener, org.springframework.boot.test.autoconfigure.web.client.MockRestServiceServerResetTestExecutionListener, org.springframework.boot.test.autoconfigure.web.servlet.MockMvcPrintOnlyOnFailureTestExecutionListener, org.springframework.boot.test.autoconfigure.web.servlet.WebDriverTestExecutionListener, org.springframework.boot.test.mock.mockito.MockitoTestExecutionListener, org.springframework.boot.test.mock.mockito.ResetMocksTestExecutionListener, org.springframework.test.context.web.ServletTestExecutionListener, org.springframework.test.context.support.DirtiesContextBeforeModesTestExecutionListener, org.springframework.test.context.support.DependencyInjectionTestExecutionListener, org.springframework.test.context.support.DirtiesContextTestExecutionListener, org.springframework.test.context.transaction.TransactionalTestExecutionListener, org.springframework.test.context.jdbc.SqlScriptsTestExecutionListener]
2018-12-25 12:02:09.184 [main] INFO  o.s.b.t.c.SpringBootTestContextBootstrapper - Using TestExecutionListeners: [org.springframework.test.context.web.ServletTestExecutionListener@57d7f8ca, org.springframework.test.context.support.DirtiesContextBeforeModesTestExecutionListener@76c3e77a, org.springframework.boot.test.mock.mockito.MockitoTestExecutionListener@78123e82, org.springframework.boot.test.autoconfigure.SpringBootDependencyInjectionTestExecutionListener@67c33749, org.springframework.test.context.support.DirtiesContextTestExecutionListener@fba92d3, org.springframework.test.context.transaction.TransactionalTestExecutionListener@662b4c69, org.springframework.test.context.jdbc.SqlScriptsTestExecutionListener@fa49800, org.springframework.boot.test.autoconfigure.restdocs.RestDocsTestExecutionListener@71238fc2, org.springframework.boot.test.autoconfigure.web.client.MockRestServiceServerResetTestExecutionListener@2a54a73f, org.springframework.boot.test.autoconfigure.web.servlet.MockMvcPrintOnlyOnFailureTestExecutionListener@16a0ee18, org.springframework.boot.test.autoconfigure.web.servlet.WebDriverTestExecutionListener@3d6f0054, org.springframework.boot.test.mock.mockito.ResetMocksTestExecutionListener@505fc5a4]
2018-12-25 12:02:09.732 [main] INFO  c.e.e.logback.ApplicationTest - Starting ApplicationTest on DESKTOP-8L3GUVD with PID 7768 (started by 13813 in F:\IdeaProjects\elastic-beats-filebeat)
2018-12-25 12:02:09.732 [main] INFO  c.e.e.logback.ApplicationTest - The following profiles are active: test
2018-12-25 12:02:11.275 [main] INFO  o.s.d.r.c.RepositoryConfigurationDelegate - Bootstrapping Spring Data repositories in DEFAULT mode.
2018-12-25 12:02:11.292 [main] INFO  o.s.d.r.c.RepositoryConfigurationDelegate - Finished Spring Data repository scanning in 12ms. Found 0 repository interfaces.
2018-12-25 12:02:12.391 [main] INFO  o.s.s.c.ThreadPoolTaskExecutor - Initializing ExecutorService 'applicationTaskExecutor'
2018-12-25 12:02:13.548 [main] INFO  o.s.b.a.e.w.EndpointLinksResolver - Exposing 2 endpoint(s) beneath base path '/actuator'
2018-12-25 12:02:13.612 [main] INFO  c.e.e.logback.ApplicationTest - Started ApplicationTest in 4.334 seconds (JVM running for 5.706)
2018-12-25 12:02:13.776 [main] INFO  c.e.e.logback.ApplicationTest - Current Time: 1545710533776
2018-12-25 12:02:13.776 [main] INFO  c.e.e.logback.ApplicationTest - Current Time: 1545710533776
2018-12-25 12:02:13.777 [main] INFO  c.e.e.logback.ApplicationTest - Current Time: 1545710533777
2018-12-25 12:02:13.777 [main] WARN  c.e.e.logback.ApplicationTest - warn log
2018-12-25 12:02:13.777 [main] INFO  c.e.e.logback.ApplicationTest - info log
2018-12-25 12:02:13.777 [main] ERROR c.e.e.logback.ApplicationTest - error log
2018-12-25 12:02:13.787 [Thread-5] INFO  o.s.s.c.ThreadPoolTaskExecutor - Shutting down ExecutorService 'applicationTaskExecutor'
2018-12-25 12:46:46.992 [main] INFO  o.s.b.t.c.SpringBootTestContextBootstrapper - Neither @ContextConfiguration nor @ContextHierarchy found for test class [com.example.elasticbeatsfilebeat.logback.ApplicationTest], using SpringBootContextLoader
2018-12-25 12:46:46.999 [main] INFO  o.s.t.c.s.AbstractContextLoader - Could not detect default resource locations for test class [com.example.elasticbeatsfilebeat.logback.ApplicationTest]: no resource found for suffixes {-context.xml, Context.groovy}.
2018-12-25 12:46:47.001 [main] INFO  o.s.t.c.s.AnnotationConfigContextLoaderUtils - Could not detect default configuration classes for test class [com.example.elasticbeatsfilebeat.logback.ApplicationTest]: ApplicationTest does not declare any static, non-private, non-final, nested classes annotated with @Configuration.
2018-12-25 12:46:47.160 [main] INFO  o.s.b.t.c.SpringBootTestContextBootstrapper - Found @SpringBootConfiguration com.example.elasticbeatsfilebeat.ElasticBeatsFilebeatApplication for test class com.example.elasticbeatsfilebeat.logback.ApplicationTest
2018-12-25 12:46:47.426 [main] INFO  o.s.b.t.c.SpringBootTestContextBootstrapper - Loaded default TestExecutionListener class names from location [META-INF/spring.factories]: [org.springframework.boot.test.autoconfigure.restdocs.RestDocsTestExecutionListener, org.springframework.boot.test.autoconfigure.web.client.MockRestServiceServerResetTestExecutionListener, org.springframework.boot.test.autoconfigure.web.servlet.MockMvcPrintOnlyOnFailureTestExecutionListener, org.springframework.boot.test.autoconfigure.web.servlet.WebDriverTestExecutionListener, org.springframework.boot.test.mock.mockito.MockitoTestExecutionListener, org.springframework.boot.test.mock.mockito.ResetMocksTestExecutionListener, org.springframework.test.context.web.ServletTestExecutionListener, org.springframework.test.context.support.DirtiesContextBeforeModesTestExecutionListener, org.springframework.test.context.support.DependencyInjectionTestExecutionListener, org.springframework.test.context.support.DirtiesContextTestExecutionListener, org.springframework.test.context.transaction.TransactionalTestExecutionListener, org.springframework.test.context.jdbc.SqlScriptsTestExecutionListener]
2018-12-25 12:46:47.484 [main] INFO  o.s.b.t.c.SpringBootTestContextBootstrapper - Using TestExecutionListeners: [org.springframework.test.context.web.ServletTestExecutionListener@57d7f8ca, org.springframework.test.context.support.DirtiesContextBeforeModesTestExecutionListener@76c3e77a, org.springframework.boot.test.mock.mockito.MockitoTestExecutionListener@78123e82, org.springframework.boot.test.autoconfigure.SpringBootDependencyInjectionTestExecutionListener@67c33749, org.springframework.test.context.support.DirtiesContextTestExecutionListener@fba92d3, org.springframework.test.context.transaction.TransactionalTestExecutionListener@662b4c69, org.springframework.test.context.jdbc.SqlScriptsTestExecutionListener@fa49800, org.springframework.boot.test.autoconfigure.restdocs.RestDocsTestExecutionListener@71238fc2, org.springframework.boot.test.autoconfigure.web.client.MockRestServiceServerResetTestExecutionListener@2a54a73f, org.springframework.boot.test.autoconfigure.web.servlet.MockMvcPrintOnlyOnFailureTestExecutionListener@16a0ee18, org.springframework.boot.test.autoconfigure.web.servlet.WebDriverTestExecutionListener@3d6f0054, org.springframework.boot.test.mock.mockito.ResetMocksTestExecutionListener@505fc5a4]
2018-12-25 12:46:47.848 [main] INFO  c.e.e.logback.ApplicationTest - Starting ApplicationTest on DESKTOP-8L3GUVD with PID 3444 (started by 13813 in F:\IdeaProjects\elastic-beats-filebeat)
2018-12-25 12:46:47.853 [main] INFO  c.e.e.logback.ApplicationTest - The following profiles are active: test
2018-12-25 12:46:49.257 [main] INFO  o.s.d.r.c.RepositoryConfigurationDelegate - Bootstrapping Spring Data repositories in DEFAULT mode.
2018-12-25 12:46:49.278 [main] INFO  o.s.d.r.c.RepositoryConfigurationDelegate - Finished Spring Data repository scanning in 17ms. Found 0 repository interfaces.
2018-12-25 12:46:50.520 [main] INFO  o.s.s.c.ThreadPoolTaskExecutor - Initializing ExecutorService 'applicationTaskExecutor'
2018-12-25 12:46:51.772 [main] INFO  o.s.b.a.e.w.EndpointLinksResolver - Exposing 2 endpoint(s) beneath base path '/actuator'
2018-12-25 12:46:51.838 [main] INFO  c.e.e.logback.ApplicationTest - Started ApplicationTest in 4.274 seconds (JVM running for 5.867)
2018-12-25 12:46:51.993 [main] INFO  c.e.e.logback.ApplicationTest - Current Time: 1545713211993
2018-12-25 12:46:51.993 [main] INFO  c.e.e.logback.ApplicationTest - Current Time: 1545713211993
2018-12-25 12:46:51.994 [main] INFO  c.e.e.logback.ApplicationTest - Current Time: 1545713211994
2018-12-25 12:46:51.994 [main] WARN  c.e.e.logback.ApplicationTest - warn log
2018-12-25 12:46:51.994 [main] INFO  c.e.e.logback.ApplicationTest - info log
2018-12-25 12:46:51.994 [main] ERROR c.e.e.logback.ApplicationTest - error log
2018-12-25 12:46:52.004 [Thread-5] INFO  o.s.s.c.ThreadPoolTaskExecutor - Shutting down ExecutorService 'applicationTaskExecutor'
